-------------------------------------------------------------------------------
Test set: com.anti.codeGymTest
-------------------------------------------------------------------------------
Tests run: 1, Failures: 1, Errors: 0, Skipped: 0, Time elapsed: 0.002 sec <<< FAILURE!
testMain(com.anti.codeGymTest)  Time elapsed: 0.001 sec  <<< FAILURE!
junit.framework.AssertionFailedError: Not yet implemented
	at junit.framework.Assert.fail(Assert.java:47)
	at com.anti.codeGymTest.testMain(codeGymTest.java:8)

